root-DEBUG-26-Feb-23 13:24:57-логирование включено
root-DEBUG-26-фев-23 13:24:57-создание главного окна
root-INFO-26-фев-23 13:24:57-подключение файла БД...
root-INFO-26-фев-23 13:24:57-Проверка наличия файла БД SQLite /media/alex/WorkFile/NO_Work/Python/CfgMercury/DB/ViewMercuryDB.sqlite...
root-INFO-26-фев-23 13:24:57-файл БД найден
root-INFO-26-фев-23 13:24:57-База данных создана и успешно подключена к SQLite
root-DEBUG-26-фев-23 13:24:57-Версия базы данных SQLite: [('3.37.2',)]
root-DEBUG-26-фев-23 13:24:57-Соединение с SQLite закрыто
root-DEBUG-26-фев-23 13:24:57-старт потока
root-DEBUG-26-фев-23 13:24:57-поток стартовал
root-DEBUG-26-фев-23 13:24:57-cfg.ON_TRANSFER_DATA_COUNTER=False
root-DEBUG-26-фев-23 13:25:00-открытие окна просмотра мгновенных значений
root-DEBUG-26-фев-23 13:25:17-закрытие главного окна
root-DEBUG-26-фев-23 13:25:17-закрытие потока...
root-DEBUG-26-фев-23 13:25:17-закрытие потока...ОК
root-DEBUG-26-Feb-23 13:26:13-логирование включено
root-DEBUG-26-фев-23 13:26:13-создание главного окна
root-INFO-26-фев-23 13:26:13-подключение файла БД...
root-INFO-26-фев-23 13:26:13-Проверка наличия файла БД SQLite /media/alex/WorkFile/NO_Work/Python/CfgMercury/DB/ViewMercuryDB.sqlite...
root-INFO-26-фев-23 13:26:13-файл БД найден
root-INFO-26-фев-23 13:26:13-База данных создана и успешно подключена к SQLite
root-DEBUG-26-фев-23 13:26:13-Версия базы данных SQLite: [('3.37.2',)]
root-DEBUG-26-фев-23 13:26:13-Соединение с SQLite закрыто
root-DEBUG-26-фев-23 13:26:13-старт потока
root-DEBUG-26-фев-23 13:26:13-поток стартовал
root-DEBUG-26-фев-23 13:26:13-cfg.ON_TRANSFER_DATA_COUNTER=False
root-DEBUG-26-фев-23 13:26:14-открытие окна просмотра мгновенных значений
root-DEBUG-26-фев-23 13:26:30- открытие окна вывода таблицы профиля мощности
root-DEBUG-26-фев-23 13:27:30-закрытие главного окна
root-DEBUG-26-фев-23 13:27:30-закрытие потока...
root-DEBUG-26-фев-23 13:27:30-закрытие потока...ОК
